Determining if the pthread_create exist failed with the following output:
Change Dir: /home/oga/humanoid_robot/src/planning/FootStepPlanner/build/CMakeFiles/CMakeTmp

Run Build Command:"/usr/bin/make" "cmTC_01180/fast"
/usr/bin/make -f CMakeFiles/cmTC_01180.dir/build.make CMakeFiles/cmTC_01180.dir/build
make[1]: ディレクトリ '/home/oga/humanoid_robot/src/planning/FootStepPlanner/build/CMakeFiles/CMakeTmp' に入ります
Building C object CMakeFiles/cmTC_01180.dir/CheckSymbolExists.c.o
/usr/bin/cc    -o CMakeFiles/cmTC_01180.dir/CheckSymbolExists.c.o   -c /home/oga/humanoid_robot/src/planning/FootStepPlanner/build/CMakeFiles/CMakeTmp/CheckSymbolExists.c
Linking C executable cmTC_01180
/usr/local/bin/cmake -E cmake_link_script CMakeFiles/cmTC_01180.dir/link.txt --verbose=1
/usr/bin/cc      -rdynamic CMakeFiles/cmTC_01180.dir/CheckSymbolExists.c.o  -o cmTC_01180 
CMakeFiles/cmTC_01180.dir/CheckSymbolExists.c.o: 関数 `main' 内:
CheckSymbolExists.c:(.text+0x16): `pthread_create' に対する定義されていない参照です
collect2: error: ld returned 1 exit status
CMakeFiles/cmTC_01180.dir/build.make:86: ターゲット 'cmTC_01180' のレシピで失敗しました
make[1]: *** [cmTC_01180] エラー 1
make[1]: ディレクトリ '/home/oga/humanoid_robot/src/planning/FootStepPlanner/build/CMakeFiles/CMakeTmp' から出ます
Makefile:121: ターゲット 'cmTC_01180/fast' のレシピで失敗しました
make: *** [cmTC_01180/fast] エラー 2

File /home/oga/humanoid_robot/src/planning/FootStepPlanner/build/CMakeFiles/CMakeTmp/CheckSymbolExists.c:
/* */
#include <pthread.h>

int main(int argc, char** argv)
{
  (void)argv;
#ifndef pthread_create
  return ((int*)(&pthread_create))[argc];
#else
  (void)argc;
  return 0;
#endif
}

Determining if the function pthread_create exists in the pthreads failed with the following output:
Change Dir: /home/oga/humanoid_robot/src/planning/FootStepPlanner/build/CMakeFiles/CMakeTmp

Run Build Command:"/usr/bin/make" "cmTC_7fef2/fast"
/usr/bin/make -f CMakeFiles/cmTC_7fef2.dir/build.make CMakeFiles/cmTC_7fef2.dir/build
make[1]: ディレクトリ '/home/oga/humanoid_robot/src/planning/FootStepPlanner/build/CMakeFiles/CMakeTmp' に入ります
Building C object CMakeFiles/cmTC_7fef2.dir/CheckFunctionExists.c.o
/usr/bin/cc   -DCHECK_FUNCTION_EXISTS=pthread_create   -o CMakeFiles/cmTC_7fef2.dir/CheckFunctionExists.c.o   -c /usr/local/share/cmake-3.13/Modules/CheckFunctionExists.c
Linking C executable cmTC_7fef2
/usr/local/bin/cmake -E cmake_link_script CMakeFiles/cmTC_7fef2.dir/link.txt --verbose=1
/usr/bin/cc  -DCHECK_FUNCTION_EXISTS=pthread_create    -rdynamic CMakeFiles/cmTC_7fef2.dir/CheckFunctionExists.c.o  -o cmTC_7fef2 -lpthreads 
/usr/bin/ld: -lpthreads が見つかりません
collect2: error: ld returned 1 exit status
CMakeFiles/cmTC_7fef2.dir/build.make:86: ターゲット 'cmTC_7fef2' のレシピで失敗しました
make[1]: *** [cmTC_7fef2] エラー 1
make[1]: ディレクトリ '/home/oga/humanoid_robot/src/planning/FootStepPlanner/build/CMakeFiles/CMakeTmp' から出ます
Makefile:121: ターゲット 'cmTC_7fef2/fast' のレシピで失敗しました
make: *** [cmTC_7fef2/fast] エラー 2


